This is pdfTeXk, Version 3.141592-1.40.3 (Web2C 7.5.6) (format=latex 2013.4.30)  17 MAY 2014 15:10
entering extended mode
 %&-line parsing enabled.
**algorithms.ins
(./algorithms.ins
LaTeX2e <2005/12/01>
Babel <v3.8h> and hyphenation patterns for english, usenglishmax, dumylang, noh
yphenation, arabic, basque, bulgarian, coptic, welsh, czech, slovak, german, ng
erman, danish, esperanto, spanish, catalan, galician, estonian, farsi, finnish,
 french, greek, monogreek, ancientgreek, croatian, hungarian, interlingua, ibyc
us, indonesian, icelandic, italian, latin, mongolian, dutch, norsk, polish, por
tuguese, pinyin, romanian, russian, slovenian, uppersorbian, serbian, swedish, 
turkish, ukenglish, ukrainian, loaded.
(/usr/share/texmf/tex/latex/base/docstrip.tex
\blockLevel=\count79
\emptyLines=\count80
\processedLines=\count81
\commentsRemoved=\count82
\commentsPassed=\count83
\codeLinesPassed=\count84
\TotalprocessedLines=\count85
\TotalcommentsRemoved=\count86
\TotalcommentsPassed=\count87
\TotalcodeLinesPassed=\count88
\NumberOfFiles=\count89
\inFile=\read1
\inputcheck=\read2
\off@0=\count90
\off@1=\count91
\off@2=\count92
\off@3=\count93
\off@4=\count94
\off@5=\count95
\off@6=\count96
\off@7=\count97
\off@8=\count98
\off@9=\count99
\off@10=\count100
\off@11=\count101
\off@12=\count102
\off@13=\count103
\off@14=\count104
\off@15=\count105
\@maxfiles=\count106
\@maxoutfiles=\count107

Utility: `docstrip' 2.5d <2005/07/29>
English documentation    <1999/03/31>

**********************************************************
* This program converts documented macro-files into fast *
* loadable files by stripping off (nearly) all comments! *
**********************************************************

********************************************************
* No Configuration file found, using default settings. *
********************************************************

)

Generating file(s) ./algorithm.sty 
! Cannot find file algorithms.dtx.
\readsource ...ot find file \uptospace #1 \qStop }
                                                  \else \processedLines \z@ ...
l.52 ...hm.sty}{\from{algorithms.dtx}{algorithm}}}
                                                  
? 
! Interruption.
\readsource ...t \refusedfiles \empty \csname b@#1
                                                  \endcsname \Name \let {b@#...
l.52 ...hm.sty}{\from{algorithms.dtx}{algorithm}}}
                                                  
? 

Generating file(s) ./algorithmic.sty 
! Cannot find file algorithms.dtx.
\readsource ...ot find file \uptospace #1 \qStop }
                                                  \else \processedLines \z@ ...
l.53 ....sty}{\from{algorithms.dtx}{algorithmic}}}
                                                  
? 
*********************************************************
*
* To finish the installation you have to move the
* following files into a directory searched by LaTeX:
*
*   algorithm.sty
*   algorithmic.sty
*
* To produce the documentation run the file
* `algorithms.dtx' through LaTeX.
*
* Happy TeXing!
*********************************************************
 ) 
Here is how much of TeX's memory you used:
 307 strings out of 256217
 3231 string characters out of 1917095
 53093 words of memory out of 1500000
 3684 multiletter control sequences out of 10000+200000
 3640 words of font info for 14 fonts, out of 1200000 for 2000
 645 hyphenation exceptions out of 8191
 10i,0n,15p,119b,43s stack positions out of 5000i,500n,6000p,200000b,15000s

No pages of output.
